[2024-10-17 17:52:38] local.ERROR: Class "TransferController" does not exist {"exception":"[object] (ReflectionException(code: -1): Class \"TransferController\" does not exist at C:\\Users\\Faraz\\Downloads\\accountgosaas-51nulled\\codecanyon-25733019-accountgo-saas-accounting-and-billing-tool\\main_file\\vendor\\laravel\\framework\\src\\Illuminate\\Foundation\\Console\\RouteListCommand.php:234)
[stacktrace]
#0 C:\\Users\\Faraz\\Downloads\\accountgosaas-51nulled\\codecanyon-25733019-accountgo-saas-accounting-and-billing-tool\\main_file\\vendor\\laravel\\framework\\src\\Illuminate\\Foundation\\Console\\RouteListCommand.php(234): ReflectionClass->__construct('TransferControl...')
#1 C:\\Users\\Faraz\\Downloads\\accountgosaas-51nulled\\codecanyon-25733019-accountgo-saas-accounting-and-billing-tool\\main_file\\vendor\\laravel\\framework\\src\\Illuminate\\Foundation\\Console\\RouteListCommand.php(156): Illuminate\\Foundation\\Console\\RouteListCommand->isVendorRoute(Object(Illuminate\\Routing\\Route))
#2 C:\\Users\\Faraz\\Downloads\\accountgosaas-51nulled\\codecanyon-25733019-accountgo-saas-accounting-and-billing-tool\\main_file\\vendor\\laravel\\framework\\src\\Illuminate\\Foundation\\Console\\RouteListCommand.php(125): Illuminate\\Foundation\\Console\\RouteListCommand->getRouteInformation(Object(Illuminate\\Routing\\Route))
#3 [internal function]: Illuminate\\Foundation\\Console\\RouteListCommand->Illuminate\\Foundation\\Console\\{closure}(Object(Illuminate\\Routing\\Route), 318)
#4 C:\\Users\\Faraz\\Downloads\\accountgosaas-51nulled\\codecanyon-25733019-accountgo-saas-accounting-and-billing-tool\\main_file\\vendor\\laravel\\framework\\src\\Illuminate\\Collections\\Arr.php(560): array_map(Object(Closure), Array, Array)
#5 C:\\Users\\Faraz\\Downloads\\accountgosaas-51nulled\\codecanyon-25733019-accountgo-saas-accounting-and-billing-tool\\main_file\\vendor\\laravel\\framework\\src\\Illuminate\\Collections\\Collection.php(719): Illuminate\\Support\\Arr::map(Array, Object(Closure))
#6 C:\\Users\\Faraz\\Downloads\\accountgosaas-51nulled\\codecanyon-25733019-accountgo-saas-accounting-and-billing-tool\\main_file\\vendor\\laravel\\framework\\src\\Illuminate\\Foundation\\Console\\RouteListCommand.php(124): Illuminate\\Support\\Collection->map(Object(Closure))
#7 C:\\Users\\Faraz\\Downloads\\accountgosaas-51nulled\\codecanyon-25733019-accountgo-saas-accounting-and-billing-tool\\main_file\\vendor\\laravel\\framework\\src\\Illuminate\\Foundation\\Console\\RouteListCommand.php(110): Illuminate\\Foundation\\Console\\RouteListCommand->getRoutes()
#8 C:\\Users\\Faraz\\Downloads\\accountgosaas-51nulled\\codecanyon-25733019-accountgo-saas-accounting-and-billing-tool\\main_file\\vendor\\laravel\\framework\\src\\Illuminate\\Container\\BoundMethod.php(36): Illuminate\\Foundation\\Console\\RouteListCommand->handle()
#9 C:\\Users\\Faraz\\Downloads\\accountgosaas-51nulled\\codecanyon-25733019-accountgo-saas-accounting-and-billing-tool\\main_file\\vendor\\laravel\\framework\\src\\Illuminate\\Container\\Util.php(41): Illuminate\\Container\\BoundMethod::Illuminate\\Container\\{closure}()
#10 C:\\Users\\Faraz\\Downloads\\accountgosaas-51nulled\\codecanyon-25733019-accountgo-saas-accounting-and-billing-tool\\main_file\\vendor\\laravel\\framework\\src\\Illuminate\\Container\\BoundMethod.php(93): Illuminate\\Container\\Util::unwrapIfClosure(Object(Closure))
#11 C:\\Users\\Faraz\\Downloads\\accountgosaas-51nulled\\codecanyon-25733019-accountgo-saas-accounting-and-billing-tool\\main_file\\vendor\\laravel\\framework\\src\\Illuminate\\Container\\BoundMethod.php(35): Illuminate\\Container\\BoundMethod::callBoundMethod(Object(Illuminate\\Foundation\\Application), Array, Object(Closure))
#12 C:\\Users\\Faraz\\Downloads\\accountgosaas-51nulled\\codecanyon-25733019-accountgo-saas-accounting-and-billing-tool\\main_file\\vendor\\laravel\\framework\\src\\Illuminate\\Container\\Container.php(651): Illuminate\\Container\\BoundMethod::call(Object(Illuminate\\Foundation\\Application), Array, Array, NULL)
#13 C:\\Users\\Faraz\\Downloads\\accountgosaas-51nulled\\codecanyon-25733019-accountgo-saas-accounting-and-billing-tool\\main_file\\vendor\\laravel\\framework\\src\\Illuminate\\Console\\Command.php(178): Illuminate\\Container\\Container->call(Array)
#14 C:\\Users\\Faraz\\Downloads\\accountgosaas-51nulled\\codecanyon-25733019-accountgo-saas-accounting-and-billing-tool\\main_file\\vendor\\symfony\\console\\Command\\Command.php(308): Illuminate\\Console\\Command->execute(Object(Symfony\\Component\\Console\\Input\\ArgvInput), Object(Illuminate\\Console\\OutputStyle))
#15 C:\\Users\\Faraz\\Downloads\\accountgosaas-51nulled\\codecanyon-25733019-accountgo-saas-accounting-and-billing-tool\\main_file\\vendor\\laravel\\framework\\src\\Illuminate\\Console\\Command.php(147): Symfony\\Component\\Console\\Command\\Command->run(Object(Symfony\\Component\\Console\\Input\\ArgvInput), Object(Illuminate\\Console\\OutputStyle))
#16 C:\\Users\\Faraz\\Downloads\\accountgosaas-51nulled\\codecanyon-25733019-accountgo-saas-accounting-and-billing-tool\\main_file\\vendor\\symfony\\console\\Application.php(1014): Illuminate\\Console\\Command->run(Object(Symfony\\Component\\Console\\Input\\ArgvInput), Object(Symfony\\Component\\Console\\Output\\ConsoleOutput))
#17 C:\\Users\\Faraz\\Downloads\\accountgosaas-51nulled\\codecanyon-25733019-accountgo-saas-accounting-and-billing-tool\\main_file\\vendor\\symfony\\console\\Application.php(301): Symfony\\Component\\Console\\Application->doRunCommand(Object(Illuminate\\Foundation\\Console\\RouteListCommand), Object(Symfony\\Component\\Console\\Input\\ArgvInput), Object(Symfony\\Component\\Console\\Output\\ConsoleOutput))
#18 C:\\Users\\Faraz\\Downloads\\accountgosaas-51nulled\\codecanyon-25733019-accountgo-saas-accounting-and-billing-tool\\main_file\\vendor\\symfony\\console\\Application.php(171): Symfony\\Component\\Console\\Application->doRun(Object(Symfony\\Component\\Console\\Input\\ArgvInput), Object(Symfony\\Component\\Console\\Output\\ConsoleOutput))
#19 C:\\Users\\Faraz\\Downloads\\accountgosaas-51nulled\\codecanyon-25733019-accountgo-saas-accounting-and-billing-tool\\main_file\\vendor\\laravel\\framework\\src\\Illuminate\\Console\\Application.php(102): Symfony\\Component\\Console\\Application->run(Object(Symfony\\Component\\Console\\Input\\ArgvInput), Object(Symfony\\Component\\Console\\Output\\ConsoleOutput))
#20 C:\\Users\\Faraz\\Downloads\\accountgosaas-51nulled\\codecanyon-25733019-accountgo-saas-accounting-and-billing-tool\\main_file\\vendor\\laravel\\framework\\src\\Illuminate\\Foundation\\Console\\Kernel.php(155): Illuminate\\Console\\Application->run(Object(Symfony\\Component\\Console\\Input\\ArgvInput), Object(Symfony\\Component\\Console\\Output\\ConsoleOutput))
#21 C:\\Users\\Faraz\\Downloads\\accountgosaas-51nulled\\codecanyon-25733019-accountgo-saas-accounting-and-billing-tool\\main_file\\artisan(35): Illuminate\\Foundation\\Console\\Kernel->handle(Object(Symfony\\Component\\Console\\Input\\ArgvInput), Object(Symfony\\Component\\Console\\Output\\ConsoleOutput))
#22 {main}
"} 
[2024-10-17 17:53:36] local.ERROR: Class "CouponController" does not exist {"exception":"[object] (ReflectionException(code: -1): Class \"CouponController\" does not exist at C:\\Users\\Faraz\\Downloads\\accountgosaas-51nulled\\codecanyon-25733019-accountgo-saas-accounting-and-billing-tool\\main_file\\vendor\\laravel\\framework\\src\\Illuminate\\Foundation\\Console\\RouteListCommand.php:234)
[stacktrace]
#0 C:\\Users\\Faraz\\Downloads\\accountgosaas-51nulled\\codecanyon-25733019-accountgo-saas-accounting-and-billing-tool\\main_file\\vendor\\laravel\\framework\\src\\Illuminate\\Foundation\\Console\\RouteListCommand.php(234): ReflectionClass->__construct('CouponControlle...')
#1 C:\\Users\\Faraz\\Downloads\\accountgosaas-51nulled\\codecanyon-25733019-accountgo-saas-accounting-and-billing-tool\\main_file\\vendor\\laravel\\framework\\src\\Illuminate\\Foundation\\Console\\RouteListCommand.php(156): Illuminate\\Foundation\\Console\\RouteListCommand->isVendorRoute(Object(Illuminate\\Routing\\Route))
#2 C:\\Users\\Faraz\\Downloads\\accountgosaas-51nulled\\codecanyon-25733019-accountgo-saas-accounting-and-billing-tool\\main_file\\vendor\\laravel\\framework\\src\\Illuminate\\Foundation\\Console\\RouteListCommand.php(125): Illuminate\\Foundation\\Console\\RouteListCommand->getRouteInformation(Object(Illuminate\\Routing\\Route))
#3 [internal function]: Illuminate\\Foundation\\Console\\RouteListCommand->Illuminate\\Foundation\\Console\\{closure}(Object(Illuminate\\Routing\\Route), 454)
#4 C:\\Users\\Faraz\\Downloads\\accountgosaas-51nulled\\codecanyon-25733019-accountgo-saas-accounting-and-billing-tool\\main_file\\vendor\\laravel\\framework\\src\\Illuminate\\Collections\\Arr.php(560): array_map(Object(Closure), Array, Array)
#5 C:\\Users\\Faraz\\Downloads\\accountgosaas-51nulled\\codecanyon-25733019-accountgo-saas-accounting-and-billing-tool\\main_file\\vendor\\laravel\\framework\\src\\Illuminate\\Collections\\Collection.php(719): Illuminate\\Support\\Arr::map(Array, Object(Closure))
#6 C:\\Users\\Faraz\\Downloads\\accountgosaas-51nulled\\codecanyon-25733019-accountgo-saas-accounting-and-billing-tool\\main_file\\vendor\\laravel\\framework\\src\\Illuminate\\Foundation\\Console\\RouteListCommand.php(124): Illuminate\\Support\\Collection->map(Object(Closure))
#7 C:\\Users\\Faraz\\Downloads\\accountgosaas-51nulled\\codecanyon-25733019-accountgo-saas-accounting-and-billing-tool\\main_file\\vendor\\laravel\\framework\\src\\Illuminate\\Foundation\\Console\\RouteListCommand.php(110): Illuminate\\Foundation\\Console\\RouteListCommand->getRoutes()
#8 C:\\Users\\Faraz\\Downloads\\accountgosaas-51nulled\\codecanyon-25733019-accountgo-saas-accounting-and-billing-tool\\main_file\\vendor\\laravel\\framework\\src\\Illuminate\\Container\\BoundMethod.php(36): Illuminate\\Foundation\\Console\\RouteListCommand->handle()
#9 C:\\Users\\Faraz\\Downloads\\accountgosaas-51nulled\\codecanyon-25733019-accountgo-saas-accounting-and-billing-tool\\main_file\\vendor\\laravel\\framework\\src\\Illuminate\\Container\\Util.php(41): Illuminate\\Container\\BoundMethod::Illuminate\\Container\\{closure}()
#10 C:\\Users\\Faraz\\Downloads\\accountgosaas-51nulled\\codecanyon-25733019-accountgo-saas-accounting-and-billing-tool\\main_file\\vendor\\laravel\\framework\\src\\Illuminate\\Container\\BoundMethod.php(93): Illuminate\\Container\\Util::unwrapIfClosure(Object(Closure))
#11 C:\\Users\\Faraz\\Downloads\\accountgosaas-51nulled\\codecanyon-25733019-accountgo-saas-accounting-and-billing-tool\\main_file\\vendor\\laravel\\framework\\src\\Illuminate\\Container\\BoundMethod.php(35): Illuminate\\Container\\BoundMethod::callBoundMethod(Object(Illuminate\\Foundation\\Application), Array, Object(Closure))
#12 C:\\Users\\Faraz\\Downloads\\accountgosaas-51nulled\\codecanyon-25733019-accountgo-saas-accounting-and-billing-tool\\main_file\\vendor\\laravel\\framework\\src\\Illuminate\\Container\\Container.php(651): Illuminate\\Container\\BoundMethod::call(Object(Illuminate\\Foundation\\Application), Array, Array, NULL)
#13 C:\\Users\\Faraz\\Downloads\\accountgosaas-51nulled\\codecanyon-25733019-accountgo-saas-accounting-and-billing-tool\\main_file\\vendor\\laravel\\framework\\src\\Illuminate\\Console\\Command.php(178): Illuminate\\Container\\Container->call(Array)
#14 C:\\Users\\Faraz\\Downloads\\accountgosaas-51nulled\\codecanyon-25733019-accountgo-saas-accounting-and-billing-tool\\main_file\\vendor\\symfony\\console\\Command\\Command.php(308): Illuminate\\Console\\Command->execute(Object(Symfony\\Component\\Console\\Input\\ArgvInput), Object(Illuminate\\Console\\OutputStyle))
#15 C:\\Users\\Faraz\\Downloads\\accountgosaas-51nulled\\codecanyon-25733019-accountgo-saas-accounting-and-billing-tool\\main_file\\vendor\\laravel\\framework\\src\\Illuminate\\Console\\Command.php(147): Symfony\\Component\\Console\\Command\\Command->run(Object(Symfony\\Component\\Console\\Input\\ArgvInput), Object(Illuminate\\Console\\OutputStyle))
#16 C:\\Users\\Faraz\\Downloads\\accountgosaas-51nulled\\codecanyon-25733019-accountgo-saas-accounting-and-billing-tool\\main_file\\vendor\\symfony\\console\\Application.php(1014): Illuminate\\Console\\Command->run(Object(Symfony\\Component\\Console\\Input\\ArgvInput), Object(Symfony\\Component\\Console\\Output\\ConsoleOutput))
#17 C:\\Users\\Faraz\\Downloads\\accountgosaas-51nulled\\codecanyon-25733019-accountgo-saas-accounting-and-billing-tool\\main_file\\vendor\\symfony\\console\\Application.php(301): Symfony\\Component\\Console\\Application->doRunCommand(Object(Illuminate\\Foundation\\Console\\RouteListCommand), Object(Symfony\\Component\\Console\\Input\\ArgvInput), Object(Symfony\\Component\\Console\\Output\\ConsoleOutput))
#18 C:\\Users\\Faraz\\Downloads\\accountgosaas-51nulled\\codecanyon-25733019-accountgo-saas-accounting-and-billing-tool\\main_file\\vendor\\symfony\\console\\Application.php(171): Symfony\\Component\\Console\\Application->doRun(Object(Symfony\\Component\\Console\\Input\\ArgvInput), Object(Symfony\\Component\\Console\\Output\\ConsoleOutput))
#19 C:\\Users\\Faraz\\Downloads\\accountgosaas-51nulled\\codecanyon-25733019-accountgo-saas-accounting-and-billing-tool\\main_file\\vendor\\laravel\\framework\\src\\Illuminate\\Console\\Application.php(102): Symfony\\Component\\Console\\Application->run(Object(Symfony\\Component\\Console\\Input\\ArgvInput), Object(Symfony\\Component\\Console\\Output\\ConsoleOutput))
#20 C:\\Users\\Faraz\\Downloads\\accountgosaas-51nulled\\codecanyon-25733019-accountgo-saas-accounting-and-billing-tool\\main_file\\vendor\\laravel\\framework\\src\\Illuminate\\Foundation\\Console\\Kernel.php(155): Illuminate\\Console\\Application->run(Object(Symfony\\Component\\Console\\Input\\ArgvInput), Object(Symfony\\Component\\Console\\Output\\ConsoleOutput))
#21 C:\\Users\\Faraz\\Downloads\\accountgosaas-51nulled\\codecanyon-25733019-accountgo-saas-accounting-and-billing-tool\\main_file\\artisan(35): Illuminate\\Foundation\\Console\\Kernel->handle(Object(Symfony\\Component\\Console\\Input\\ArgvInput), Object(Symfony\\Component\\Console\\Output\\ConsoleOutput))
#22 {main}
"} 
